<?xml version="1.0" encoding="UTF-8"?>
<testsuite name="Cucumber" time="8.147" tests="1" skipped="0" failures="1" errors="0">
<testcase classname="US1003 kullanici parametre kullanarak arama yapabilmeli" name="TC06 kullanici parametre ile amazonda arama yapabilmeli" time="8.061">
<failure type="java.lang.AssertionError">
<![CDATA[java.lang.AssertionError
	at org.junit.Assert.fail(Assert.java:87)
	at org.junit.Assert.assertTrue(Assert.java:42)
	at org.junit.Assert.assertTrue(Assert.java:53)
	at stepDefinitions.AmazonStepDefinitions.sonuclarin_icerdigini_test_eder(AmazonStepDefinitions.java:72)
	at âœ½.sonuclarin "kutella" icerdigini test eder(file:///Users/fadimeozcelik/IdeaProjects/Selenium_Cucumber/src/test/resources/features/US1003_parametreKullanimi.feature:7)
]]>
</failure>
<system-out><![CDATA[
Given kullanici amazon anasayfasinda........................................passed
And kullanici "Nutella" icin arama yapar....................................passed
And sonuclarin "kutella" icerdigini test eder...............................failed
Then sayfayi kapatir........................................................skipped
]]></system-out>
</testcase>
</testsuite>
