[{"line":2,"elements":[{"start_timestamp":"2023-05-11T12:22:03.760Z","line":13,"name":"TC2 kullanici amazonda Java aratir","description":"","id":"amazon-search;tc2-kullanici-amazonda-java-aratir","type":"scenario","keyword":"Scenario","steps":[{"result":{"error_message":"io.cucumber.core.exception.CucumberException: Failed to instantiate class stepDefinitions.AmazonStepDefinitions\n\tat io.cucumber.core.backend.DefaultObjectFactory.cacheNewInstance(DefaultObjectFactory.java:67)\n\tat io.cucumber.core.backend.DefaultObjectFactory.getInstance(DefaultObjectFactory.java:45)\n\tat io.cucumber.java.AbstractGlueDefinition.invokeMethod(AbstractGlueDefinition.java:47)\n\tat io.cucumber.java.JavaStepDefinition.execute(JavaStepDefinition.java:29)\n\tat io.cucumber.core.runner.CoreStepDefinition.execute(CoreStepDefinition.java:66)\n\tat io.cucumber.core.runner.PickleStepDefinitionMatch.runStep(PickleStepDefinitionMatch.java:63)\n\tat io.cucumber.core.runner.ExecutionMode$1.execute(ExecutionMode.java:10)\n\tat io.cucumber.core.runner.TestStep.executeStep(TestStep.java:84)\n\tat io.cucumber.core.runner.TestStep.run(TestStep.java:56)\n\tat io.cucumber.core.runner.PickleStepTestStep.run(PickleStepTestStep.java:51)\n\tat io.cucumber.core.runner.TestCase.run(TestCase.java:84)\n\tat io.cucumber.core.runner.Runner.runPickle(Runner.java:75)\n\tat io.cucumber.junit.PickleRunners$NoStepDescriptions.lambda$run$0(PickleRunners.java:151)\n\tat io.cucumber.core.runtime.CucumberExecutionContext.lambda$runTestCase$5(CucumberExecutionContext.java:130)\n\tat io.cucumber.core.runtime.RethrowingThrowableCollector.executeAndThrow(RethrowingThrowableCollector.java:23)\n\tat io.cucumber.core.runtime.CucumberExecutionContext.runTestCase(CucumberExecutionContext.java:130)\n\tat io.cucumber.junit.PickleRunners$NoStepDescriptions.run(PickleRunners.java:148)\n\tat io.cucumber.junit.FeatureRunner.runChild(FeatureRunner.java:144)\n\tat io.cucumber.junit.FeatureRunner.runChild(FeatureRunner.java:28)\n\tat org.junit.runners.ParentRunner$4.run(ParentRunner.java:331)\n\tat org.junit.runners.ParentRunner$1.schedule(ParentRunner.java:79)\n\tat org.junit.runners.ParentRunner.runChildren(ParentRunner.java:329)\n\tat org.junit.runners.ParentRunner.access$100(ParentRunner.java:66)\n\tat org.junit.runners.ParentRunner$2.evaluate(ParentRunner.java:293)\n\tat org.junit.runners.ParentRunner$3.evaluate(ParentRunner.java:306)\n\tat org.junit.runners.ParentRunner.run(ParentRunner.java:413)\n\tat io.cucumber.junit.FeatureRunner.run(FeatureRunner.java:137)\n\tat io.cucumber.junit.Cucumber.runChild(Cucumber.java:196)\n\tat io.cucumber.junit.Cucumber.runChild(Cucumber.java:89)\n\tat org.junit.runners.ParentRunner$4.run(ParentRunner.java:331)\n\tat org.apache.maven.surefire.junitcore.pc.Scheduler$1.run(Scheduler.java:405)\n\tat org.apache.maven.surefire.junitcore.pc.InvokerStrategy.schedule(InvokerStrategy.java:54)\n\tat org.apache.maven.surefire.junitcore.pc.Scheduler.schedule(Scheduler.java:362)\n\tat org.junit.runners.ParentRunner.runChildren(ParentRunner.java:329)\n\tat org.junit.runners.ParentRunner.access$100(ParentRunner.java:66)\n\tat org.junit.runners.ParentRunner$2.evaluate(ParentRunner.java:293)\n\tat io.cucumber.junit.Cucumber$RunBeforeAllHooks.evaluate(Cucumber.java:266)\n\tat io.cucumber.junit.Cucumber$RunAfterAllHooks.evaluate(Cucumber.java:281)\n\tat io.cucumber.junit.Cucumber$StartTestRun.evaluate(Cucumber.java:233)\n\tat io.cucumber.junit.Cucumber$FinishTestRun.evaluate(Cucumber.java:248)\n\tat org.junit.runners.ParentRunner$3.evaluate(ParentRunner.java:306)\n\tat org.junit.runners.ParentRunner.run(ParentRunner.java:413)\n\tat org.junit.runners.Suite.runChild(Suite.java:128)\n\tat org.junit.runners.Suite.runChild(Suite.java:27)\n\tat org.junit.runners.ParentRunner$4.run(ParentRunner.java:331)\n\tat org.apache.maven.surefire.junitcore.pc.Scheduler$1.run(Scheduler.java:405)\n\tat java.base/java.util.concurrent.Executors$RunnableAdapter.call(Executors.java:515)\n\tat java.base/java.util.concurrent.FutureTask.run(FutureTask.java:264)\n\tat java.base/java.util.concurrent.ThreadPoolExecutor.runWorker(ThreadPoolExecutor.java:1128)\n\tat java.base/java.util.concurrent.ThreadPoolExecutor$Worker.run(ThreadPoolExecutor.java:628)\n\tat java.base/java.lang.Thread.run(Thread.java:829)\nCaused by: java.lang.reflect.InvocationTargetException\n\tat java.base/jdk.internal.reflect.NativeConstructorAccessorImpl.newInstance0(Native Method)\n\tat java.base/jdk.internal.reflect.NativeConstructorAccessorImpl.newInstance(NativeConstructorAccessorImpl.java:62)\n\tat java.base/jdk.internal.reflect.DelegatingConstructorAccessorImpl.newInstance(DelegatingConstructorAccessorImpl.java:45)\n\tat java.base/java.lang.reflect.Constructor.newInstance(Constructor.java:490)\n\tat io.cucumber.core.backend.DefaultObjectFactory.cacheNewInstance(DefaultObjectFactory.java:53)\n\t... 50 more\nCaused by: org.openqa.selenium.remote.http.ConnectionFailedException: Unable to establish websocket connection to http://localhost:49483/devtools/browser/38060e79-9ff0-4c24-b1dd-2c17176f8d06\nBuild info: version: '4.7.1', revision: 'c6795baf1a3'\nSystem info: os.name: 'Mac OS X', os.arch: 'aarch64', os.version: '13.3.1', java.version: '11.0.19'\nDriver info: driver.version: Driver\n\tat org.openqa.selenium.remote.http.netty.NettyWebSocket.<init>(NettyWebSocket.java:102)\n\tat org.openqa.selenium.remote.http.netty.NettyWebSocket.lambda$create$3(NettyWebSocket.java:128)\n\tat org.openqa.selenium.remote.http.netty.NettyClient.openSocket(NettyClient.java:107)\n\tat org.openqa.selenium.devtools.Connection.<init>(Connection.java:78)\n\tat org.openqa.selenium.chromium.ChromiumDriver.lambda$new$2(ChromiumDriver.java:116)\n\tat java.base/java.util.Optional.map(Optional.java:265)\n\tat org.openqa.selenium.chromium.ChromiumDriver.<init>(ChromiumDriver.java:114)\n\tat org.openqa.selenium.chrome.ChromeDriver.<init>(ChromeDriver.java:81)\n\tat org.openqa.selenium.chrome.ChromeDriver.<init>(ChromeDriver.java:49)\n\tat utilities.Driver.getDriver(Driver.java:27)\n\tat pages.AmazonPage.<init>(AmazonPage.java:11)\n\tat stepDefinitions.AmazonStepDefinitions.<init>(AmazonStepDefinitions.java:13)\n\t... 55 more\n","duration":1732273000,"status":"failed"},"line":14,"name":"kullanici amazon anasayfasinda","match":{"location":"stepDefinitions.AmazonStepDefinitions.kullanici_amazon_anasayfasinda()"},"keyword":"Given "},{"result":{"duration":302000,"status":"skipped"},"line":15,"name":"kullanici Java icin arama yapar","match":{"location":"stepDefinitions.AmazonStepDefinitions.kullanici_java_icin_arama_yapar()"},"keyword":"Then "},{"result":{"duration":59000,"status":"skipped"},"line":16,"name":"sonuclarin Java icerdigini test eder","match":{"location":"stepDefinitions.AmazonStepDefinitions.sonuclarin_java_icerdigini_test_eder()"},"keyword":"And "},{"result":{"duration":2568000,"status":"skipped"},"line":17,"name":"sonuclarin Java icerdigini test eder","match":{"location":"stepDefinitions.AmazonStepDefinitions.sonuclarin_java_icerdigini_test_eder()"},"keyword":"And "},{"result":{"duration":66000,"status":"skipped"},"line":18,"name":"sayfayi kapatir","match":{"location":"stepDefinitions.AmazonStepDefinitions.sayfayi_kapatir()"},"keyword":"And "}],"tags":[{"name":"@tumu"},{"name":"@java"},{"name":"@pr2"}]}],"name":"Amazon Search","description":"","id":"amazon-search","keyword":"Feature","uri":"file:src/test/resources/features/US1001_amazonSearch.feature","tags":[{"name":"@tumu","type":"Tag","location":{"line":1,"column":1}}]},{"line":2,"elements":[{"line":3,"name":"ortak adim","description":"","type":"background","keyword":"Background","steps":[{"result":{"error_message":"io.cucumber.core.exception.CucumberException: Failed to instantiate class stepDefinitions.AmazonStepDefinitions\n\tat io.cucumber.core.backend.DefaultObjectFactory.cacheNewInstance(DefaultObjectFactory.java:67)\n\tat io.cucumber.core.backend.DefaultObjectFactory.getInstance(DefaultObjectFactory.java:45)\n\tat io.cucumber.java.AbstractGlueDefinition.invokeMethod(AbstractGlueDefinition.java:47)\n\tat io.cucumber.java.JavaStepDefinition.execute(JavaStepDefinition.java:29)\n\tat io.cucumber.core.runner.CoreStepDefinition.execute(CoreStepDefinition.java:66)\n\tat io.cucumber.core.runner.PickleStepDefinitionMatch.runStep(PickleStepDefinitionMatch.java:63)\n\tat io.cucumber.core.runner.ExecutionMode$1.execute(ExecutionMode.java:10)\n\tat io.cucumber.core.runner.TestStep.executeStep(TestStep.java:84)\n\tat io.cucumber.core.runner.TestStep.run(TestStep.java:56)\n\tat io.cucumber.core.runner.PickleStepTestStep.run(PickleStepTestStep.java:51)\n\tat io.cucumber.core.runner.TestCase.run(TestCase.java:84)\n\tat io.cucumber.core.runner.Runner.runPickle(Runner.java:75)\n\tat io.cucumber.junit.PickleRunners$NoStepDescriptions.lambda$run$0(PickleRunners.java:151)\n\tat io.cucumber.core.runtime.CucumberExecutionContext.lambda$runTestCase$5(CucumberExecutionContext.java:130)\n\tat io.cucumber.core.runtime.RethrowingThrowableCollector.executeAndThrow(RethrowingThrowableCollector.java:23)\n\tat io.cucumber.core.runtime.CucumberExecutionContext.runTestCase(CucumberExecutionContext.java:130)\n\tat io.cucumber.junit.PickleRunners$NoStepDescriptions.run(PickleRunners.java:148)\n\tat io.cucumber.junit.FeatureRunner.runChild(FeatureRunner.java:144)\n\tat io.cucumber.junit.FeatureRunner.runChild(FeatureRunner.java:28)\n\tat org.junit.runners.ParentRunner$4.run(ParentRunner.java:331)\n\tat org.junit.runners.ParentRunner$1.schedule(ParentRunner.java:79)\n\tat org.junit.runners.ParentRunner.runChildren(ParentRunner.java:329)\n\tat org.junit.runners.ParentRunner.access$100(ParentRunner.java:66)\n\tat org.junit.runners.ParentRunner$2.evaluate(ParentRunner.java:293)\n\tat org.junit.runners.ParentRunner$3.evaluate(ParentRunner.java:306)\n\tat org.junit.runners.ParentRunner.run(ParentRunner.java:413)\n\tat io.cucumber.junit.FeatureRunner.run(FeatureRunner.java:137)\n\tat io.cucumber.junit.Cucumber.runChild(Cucumber.java:196)\n\tat io.cucumber.junit.Cucumber.runChild(Cucumber.java:89)\n\tat org.junit.runners.ParentRunner$4.run(ParentRunner.java:331)\n\tat org.apache.maven.surefire.junitcore.pc.Scheduler$1.run(Scheduler.java:405)\n\tat org.apache.maven.surefire.junitcore.pc.InvokerStrategy.schedule(InvokerStrategy.java:54)\n\tat org.apache.maven.surefire.junitcore.pc.Scheduler.schedule(Scheduler.java:362)\n\tat org.junit.runners.ParentRunner.runChildren(ParentRunner.java:329)\n\tat org.junit.runners.ParentRunner.access$100(ParentRunner.java:66)\n\tat org.junit.runners.ParentRunner$2.evaluate(ParentRunner.java:293)\n\tat io.cucumber.junit.Cucumber$RunBeforeAllHooks.evaluate(Cucumber.java:266)\n\tat io.cucumber.junit.Cucumber$RunAfterAllHooks.evaluate(Cucumber.java:281)\n\tat io.cucumber.junit.Cucumber$StartTestRun.evaluate(Cucumber.java:233)\n\tat io.cucumber.junit.Cucumber$FinishTestRun.evaluate(Cucumber.java:248)\n\tat org.junit.runners.ParentRunner$3.evaluate(ParentRunner.java:306)\n\tat org.junit.runners.ParentRunner.run(ParentRunner.java:413)\n\tat org.junit.runners.Suite.runChild(Suite.java:128)\n\tat org.junit.runners.Suite.runChild(Suite.java:27)\n\tat org.junit.runners.ParentRunner$4.run(ParentRunner.java:331)\n\tat org.apache.maven.surefire.junitcore.pc.Scheduler$1.run(Scheduler.java:405)\n\tat java.base/java.util.concurrent.Executors$RunnableAdapter.call(Executors.java:515)\n\tat java.base/java.util.concurrent.FutureTask.run(FutureTask.java:264)\n\tat java.base/java.util.concurrent.ThreadPoolExecutor.runWorker(ThreadPoolExecutor.java:1128)\n\tat java.base/java.util.concurrent.ThreadPoolExecutor$Worker.run(ThreadPoolExecutor.java:628)\n\tat java.base/java.lang.Thread.run(Thread.java:829)\nCaused by: java.lang.reflect.InvocationTargetException\n\tat java.base/jdk.internal.reflect.NativeConstructorAccessorImpl.newInstance0(Native Method)\n\tat java.base/jdk.internal.reflect.NativeConstructorAccessorImpl.newInstance(NativeConstructorAccessorImpl.java:62)\n\tat java.base/jdk.internal.reflect.DelegatingConstructorAccessorImpl.newInstance(DelegatingConstructorAccessorImpl.java:45)\n\tat java.base/java.lang.reflect.Constructor.newInstance(Constructor.java:490)\n\tat io.cucumber.core.backend.DefaultObjectFactory.cacheNewInstance(DefaultObjectFactory.java:53)\n\t... 50 more\nCaused by: org.openqa.selenium.remote.http.ConnectionFailedException: Unable to establish websocket connection to http://localhost:49501/devtools/browser/b4f626d7-8ddf-46a7-bf59-2ca7a7981600\nBuild info: version: '4.7.1', revision: 'c6795baf1a3'\nSystem info: os.name: 'Mac OS X', os.arch: 'aarch64', os.version: '13.3.1', java.version: '11.0.19'\nDriver info: driver.version: Driver\n\tat org.openqa.selenium.remote.http.netty.NettyWebSocket.<init>(NettyWebSocket.java:102)\n\tat org.openqa.selenium.remote.http.netty.NettyWebSocket.lambda$create$3(NettyWebSocket.java:128)\n\tat org.openqa.selenium.remote.http.netty.NettyClient.openSocket(NettyClient.java:107)\n\tat org.openqa.selenium.devtools.Connection.<init>(Connection.java:78)\n\tat org.openqa.selenium.chromium.ChromiumDriver.lambda$new$2(ChromiumDriver.java:116)\n\tat java.base/java.util.Optional.map(Optional.java:265)\n\tat org.openqa.selenium.chromium.ChromiumDriver.<init>(ChromiumDriver.java:114)\n\tat org.openqa.selenium.chrome.ChromeDriver.<init>(ChromeDriver.java:81)\n\tat org.openqa.selenium.chrome.ChromeDriver.<init>(ChromeDriver.java:49)\n\tat utilities.Driver.getDriver(Driver.java:27)\n\tat pages.AmazonPage.<init>(AmazonPage.java:11)\n\tat stepDefinitions.AmazonStepDefinitions.<init>(AmazonStepDefinitions.java:13)\n\t... 55 more\n","duration":974490000,"status":"failed"},"line":4,"name":"kullanici amazon anasayfasinda","match":{"location":"stepDefinitions.AmazonStepDefinitions.kullanici_amazon_anasayfasinda()"},"keyword":"Given "}]},{"start_timestamp":"2023-05-11T12:22:05.515Z","line":12,"name":"TC05 amazon java arama","description":"","id":"us1002-kullanici-ortak-adimlari-background-ile-calistirir;tc05-amazon-java-arama","type":"scenario","keyword":"Scenario","steps":[{"result":{"duration":6579000,"status":"skipped"},"line":13,"name":"kullanici Java icin arama yapar","match":{"location":"stepDefinitions.AmazonStepDefinitions.kullanici_java_icin_arama_yapar()"},"keyword":"And "},{"result":{"duration":220000,"status":"skipped"},"line":14,"name":"sonuclarin Java icerdigini test eder","match":{"location":"stepDefinitions.AmazonStepDefinitions.sonuclarin_java_icerdigini_test_eder()"},"keyword":"Then "},{"result":{"duration":3738000,"status":"skipped"},"line":15,"name":"sayfayi kapatir","match":{"location":"stepDefinitions.AmazonStepDefinitions.sayfayi_kapatir()"},"keyword":"And "}],"tags":[{"name":"@pr2"}]}],"name":"US1002 kullanici ortak adimlari Background ile calistirir","description":"","id":"us1002-kullanici-ortak-adimlari-background-ile-calistirir","keyword":"Feature","uri":"file:src/test/resources/features/US1002_backgroundKullanimi.feature","tags":[]}]